ARM GAS  /tmp/ccItc0sC.s 			page 1


   1              		.cpu cortex-m4
   2              		.arch armv7e-m
   3              		.fpu fpv4-sp-d16
   4              		.eabi_attribute 27, 1
   5              		.eabi_attribute 28, 1
   6              		.eabi_attribute 20, 1
   7              		.eabi_attribute 21, 1
   8              		.eabi_attribute 23, 3
   9              		.eabi_attribute 24, 1
  10              		.eabi_attribute 25, 1
  11              		.eabi_attribute 26, 1
  12              		.eabi_attribute 30, 1
  13              		.eabi_attribute 34, 1
  14              		.eabi_attribute 18, 4
  15              		.file	"can.c"
  16              		.text
  17              	.Ltext0:
  18              		.cfi_sections	.debug_frame
  19              		.file 1 "Core/Src/can.c"
  20              		.section	.text.MX_CAN1_Init,"ax",%progbits
  21              		.align	1
  22              		.global	MX_CAN1_Init
  23              		.syntax unified
  24              		.thumb
  25              		.thumb_func
  27              	MX_CAN1_Init:
  28              	.LFB239:
   1:Core/Src/can.c **** /* USER CODE BEGIN Header */
   2:Core/Src/can.c **** /**
   3:Core/Src/can.c ****   ******************************************************************************
   4:Core/Src/can.c ****   * @file    can.c
   5:Core/Src/can.c ****   * @brief   This file provides code for the configuration
   6:Core/Src/can.c ****   *          of the CAN instances.
   7:Core/Src/can.c ****   ******************************************************************************
   8:Core/Src/can.c ****   * @attention
   9:Core/Src/can.c ****   *
  10:Core/Src/can.c ****   * Copyright (c) 2023 STMicroelectronics.
  11:Core/Src/can.c ****   * All rights reserved.
  12:Core/Src/can.c ****   *
  13:Core/Src/can.c ****   * This software is licensed under terms that can be found in the LICENSE file
  14:Core/Src/can.c ****   * in the root directory of this software component.
  15:Core/Src/can.c ****   * If no LICENSE file comes with this software, it is provided AS-IS.
  16:Core/Src/can.c ****   *
  17:Core/Src/can.c ****   ******************************************************************************
  18:Core/Src/can.c ****   */
  19:Core/Src/can.c **** /* USER CODE END Header */
  20:Core/Src/can.c **** /* Includes ------------------------------------------------------------------*/
  21:Core/Src/can.c **** #include "can.h"
  22:Core/Src/can.c **** 
  23:Core/Src/can.c **** /* USER CODE BEGIN 0 */
  24:Core/Src/can.c **** 
  25:Core/Src/can.c **** /* USER CODE END 0 */
  26:Core/Src/can.c **** 
  27:Core/Src/can.c **** CAN_HandleTypeDef hcan1;
  28:Core/Src/can.c **** 
  29:Core/Src/can.c **** /* CAN1 init function */
  30:Core/Src/can.c **** void MX_CAN1_Init(void)
ARM GAS  /tmp/ccItc0sC.s 			page 2


  31:Core/Src/can.c **** {
  29              		.loc 1 31 1 view -0
  30              		.cfi_startproc
  31              		@ args = 0, pretend = 0, frame = 0
  32              		@ frame_needed = 0, uses_anonymous_args = 0
  33 0000 08B5     		push	{r3, lr}
  34              		.cfi_def_cfa_offset 8
  35              		.cfi_offset 3, -8
  36              		.cfi_offset 14, -4
  32:Core/Src/can.c **** 
  33:Core/Src/can.c ****   /* USER CODE BEGIN CAN1_Init 0 */
  34:Core/Src/can.c **** 
  35:Core/Src/can.c ****   /* USER CODE END CAN1_Init 0 */
  36:Core/Src/can.c **** 
  37:Core/Src/can.c ****   /* USER CODE BEGIN CAN1_Init 1 */
  38:Core/Src/can.c **** 
  39:Core/Src/can.c ****   /* USER CODE END CAN1_Init 1 */
  40:Core/Src/can.c ****   hcan1.Instance = CAN1;
  37              		.loc 1 40 3 view .LVU1
  38              		.loc 1 40 18 is_stmt 0 view .LVU2
  39 0002 0D48     		ldr	r0, .L5
  40 0004 0D4B     		ldr	r3, .L5+4
  41 0006 0360     		str	r3, [r0]
  41:Core/Src/can.c ****   hcan1.Init.Prescaler = 5;
  42              		.loc 1 41 3 is_stmt 1 view .LVU3
  43              		.loc 1 41 24 is_stmt 0 view .LVU4
  44 0008 0523     		movs	r3, #5
  45 000a 4360     		str	r3, [r0, #4]
  42:Core/Src/can.c ****   hcan1.Init.Mode = CAN_MODE_NORMAL;
  46              		.loc 1 42 3 is_stmt 1 view .LVU5
  47              		.loc 1 42 19 is_stmt 0 view .LVU6
  48 000c 0023     		movs	r3, #0
  49 000e 8360     		str	r3, [r0, #8]
  43:Core/Src/can.c ****   hcan1.Init.SyncJumpWidth = CAN_SJW_1TQ;
  50              		.loc 1 43 3 is_stmt 1 view .LVU7
  51              		.loc 1 43 28 is_stmt 0 view .LVU8
  52 0010 C360     		str	r3, [r0, #12]
  44:Core/Src/can.c ****   hcan1.Init.TimeSeg1 = CAN_BS1_15TQ;
  53              		.loc 1 44 3 is_stmt 1 view .LVU9
  54              		.loc 1 44 23 is_stmt 0 view .LVU10
  55 0012 4FF46022 		mov	r2, #917504
  56 0016 0261     		str	r2, [r0, #16]
  45:Core/Src/can.c ****   hcan1.Init.TimeSeg2 = CAN_BS2_2TQ;
  57              		.loc 1 45 3 is_stmt 1 view .LVU11
  58              		.loc 1 45 23 is_stmt 0 view .LVU12
  59 0018 4FF48012 		mov	r2, #1048576
  60 001c 4261     		str	r2, [r0, #20]
  46:Core/Src/can.c ****   hcan1.Init.TimeTriggeredMode = DISABLE;
  61              		.loc 1 46 3 is_stmt 1 view .LVU13
  62              		.loc 1 46 32 is_stmt 0 view .LVU14
  63 001e 0376     		strb	r3, [r0, #24]
  47:Core/Src/can.c ****   hcan1.Init.AutoBusOff = DISABLE;
  64              		.loc 1 47 3 is_stmt 1 view .LVU15
  65              		.loc 1 47 25 is_stmt 0 view .LVU16
  66 0020 4376     		strb	r3, [r0, #25]
  48:Core/Src/can.c ****   hcan1.Init.AutoWakeUp = DISABLE;
  67              		.loc 1 48 3 is_stmt 1 view .LVU17
ARM GAS  /tmp/ccItc0sC.s 			page 3


  68              		.loc 1 48 25 is_stmt 0 view .LVU18
  69 0022 8376     		strb	r3, [r0, #26]
  49:Core/Src/can.c ****   hcan1.Init.AutoRetransmission = DISABLE;
  70              		.loc 1 49 3 is_stmt 1 view .LVU19
  71              		.loc 1 49 33 is_stmt 0 view .LVU20
  72 0024 C376     		strb	r3, [r0, #27]
  50:Core/Src/can.c ****   hcan1.Init.ReceiveFifoLocked = DISABLE;
  73              		.loc 1 50 3 is_stmt 1 view .LVU21
  74              		.loc 1 50 32 is_stmt 0 view .LVU22
  75 0026 0377     		strb	r3, [r0, #28]
  51:Core/Src/can.c ****   hcan1.Init.TransmitFifoPriority = DISABLE;
  76              		.loc 1 51 3 is_stmt 1 view .LVU23
  77              		.loc 1 51 35 is_stmt 0 view .LVU24
  78 0028 4377     		strb	r3, [r0, #29]
  52:Core/Src/can.c ****   if (HAL_CAN_Init(&hcan1) != HAL_OK)
  79              		.loc 1 52 3 is_stmt 1 view .LVU25
  80              		.loc 1 52 7 is_stmt 0 view .LVU26
  81 002a FFF7FEFF 		bl	HAL_CAN_Init
  82              	.LVL0:
  83              		.loc 1 52 6 discriminator 1 view .LVU27
  84 002e 00B9     		cbnz	r0, .L4
  85              	.L1:
  53:Core/Src/can.c ****   {
  54:Core/Src/can.c ****     Error_Handler();
  55:Core/Src/can.c ****   }
  56:Core/Src/can.c ****   /* USER CODE BEGIN CAN1_Init 2 */
  57:Core/Src/can.c **** 
  58:Core/Src/can.c ****   /* USER CODE END CAN1_Init 2 */
  59:Core/Src/can.c **** 
  60:Core/Src/can.c **** }
  86              		.loc 1 60 1 view .LVU28
  87 0030 08BD     		pop	{r3, pc}
  88              	.L4:
  54:Core/Src/can.c ****   }
  89              		.loc 1 54 5 is_stmt 1 view .LVU29
  90 0032 FFF7FEFF 		bl	Error_Handler
  91              	.LVL1:
  92              		.loc 1 60 1 is_stmt 0 view .LVU30
  93 0036 FBE7     		b	.L1
  94              	.L6:
  95              		.align	2
  96              	.L5:
  97 0038 00000000 		.word	hcan1
  98 003c 00640040 		.word	1073767424
  99              		.cfi_endproc
 100              	.LFE239:
 102              		.section	.text.HAL_CAN_MspInit,"ax",%progbits
 103              		.align	1
 104              		.global	HAL_CAN_MspInit
 105              		.syntax unified
 106              		.thumb
 107              		.thumb_func
 109              	HAL_CAN_MspInit:
 110              	.LVL2:
 111              	.LFB240:
  61:Core/Src/can.c **** 
  62:Core/Src/can.c **** void HAL_CAN_MspInit(CAN_HandleTypeDef* canHandle)
ARM GAS  /tmp/ccItc0sC.s 			page 4


  63:Core/Src/can.c **** {
 112              		.loc 1 63 1 is_stmt 1 view -0
 113              		.cfi_startproc
 114              		@ args = 0, pretend = 0, frame = 32
 115              		@ frame_needed = 0, uses_anonymous_args = 0
 116              		.loc 1 63 1 is_stmt 0 view .LVU32
 117 0000 00B5     		push	{lr}
 118              		.cfi_def_cfa_offset 4
 119              		.cfi_offset 14, -4
 120 0002 89B0     		sub	sp, sp, #36
 121              		.cfi_def_cfa_offset 40
  64:Core/Src/can.c **** 
  65:Core/Src/can.c ****   GPIO_InitTypeDef GPIO_InitStruct = {0};
 122              		.loc 1 65 3 is_stmt 1 view .LVU33
 123              		.loc 1 65 20 is_stmt 0 view .LVU34
 124 0004 0023     		movs	r3, #0
 125 0006 0393     		str	r3, [sp, #12]
 126 0008 0493     		str	r3, [sp, #16]
 127 000a 0593     		str	r3, [sp, #20]
 128 000c 0693     		str	r3, [sp, #24]
 129 000e 0793     		str	r3, [sp, #28]
  66:Core/Src/can.c ****   if(canHandle->Instance==CAN1)
 130              		.loc 1 66 3 is_stmt 1 view .LVU35
 131              		.loc 1 66 15 is_stmt 0 view .LVU36
 132 0010 0268     		ldr	r2, [r0]
 133              		.loc 1 66 5 view .LVU37
 134 0012 154B     		ldr	r3, .L11
 135 0014 9A42     		cmp	r2, r3
 136 0016 02D0     		beq	.L10
 137              	.LVL3:
 138              	.L7:
  67:Core/Src/can.c ****   {
  68:Core/Src/can.c ****   /* USER CODE BEGIN CAN1_MspInit 0 */
  69:Core/Src/can.c **** 
  70:Core/Src/can.c ****   /* USER CODE END CAN1_MspInit 0 */
  71:Core/Src/can.c ****     /* CAN1 clock enable */
  72:Core/Src/can.c ****     __HAL_RCC_CAN1_CLK_ENABLE();
  73:Core/Src/can.c **** 
  74:Core/Src/can.c ****     __HAL_RCC_GPIOA_CLK_ENABLE();
  75:Core/Src/can.c ****     /**CAN1 GPIO Configuration
  76:Core/Src/can.c ****     PA11     ------> CAN1_RX
  77:Core/Src/can.c ****     PA12     ------> CAN1_TX
  78:Core/Src/can.c ****     */
  79:Core/Src/can.c ****     GPIO_InitStruct.Pin = GPIO_PIN_11|GPIO_PIN_12;
  80:Core/Src/can.c ****     GPIO_InitStruct.Mode = GPIO_MODE_AF_PP;
  81:Core/Src/can.c ****     GPIO_InitStruct.Pull = GPIO_NOPULL;
  82:Core/Src/can.c ****     GPIO_InitStruct.Speed = GPIO_SPEED_FREQ_VERY_HIGH;
  83:Core/Src/can.c ****     GPIO_InitStruct.Alternate = GPIO_AF9_CAN1;
  84:Core/Src/can.c ****     HAL_GPIO_Init(GPIOA, &GPIO_InitStruct);
  85:Core/Src/can.c **** 
  86:Core/Src/can.c ****   /* USER CODE BEGIN CAN1_MspInit 1 */
  87:Core/Src/can.c **** 
  88:Core/Src/can.c ****   /* USER CODE END CAN1_MspInit 1 */
  89:Core/Src/can.c ****   }
  90:Core/Src/can.c **** }
 139              		.loc 1 90 1 view .LVU38
 140 0018 09B0     		add	sp, sp, #36
ARM GAS  /tmp/ccItc0sC.s 			page 5


 141              		.cfi_remember_state
 142              		.cfi_def_cfa_offset 4
 143              		@ sp needed
 144 001a 5DF804FB 		ldr	pc, [sp], #4
 145              	.LVL4:
 146              	.L10:
 147              		.cfi_restore_state
  72:Core/Src/can.c **** 
 148              		.loc 1 72 5 is_stmt 1 view .LVU39
 149              	.LBB2:
  72:Core/Src/can.c **** 
 150              		.loc 1 72 5 view .LVU40
 151 001e 0021     		movs	r1, #0
 152 0020 0191     		str	r1, [sp, #4]
  72:Core/Src/can.c **** 
 153              		.loc 1 72 5 view .LVU41
 154 0022 03F5EA33 		add	r3, r3, #119808
 155 0026 1A6C     		ldr	r2, [r3, #64]
 156 0028 42F00072 		orr	r2, r2, #33554432
 157 002c 1A64     		str	r2, [r3, #64]
  72:Core/Src/can.c **** 
 158              		.loc 1 72 5 view .LVU42
 159 002e 1A6C     		ldr	r2, [r3, #64]
 160 0030 02F00072 		and	r2, r2, #33554432
 161 0034 0192     		str	r2, [sp, #4]
  72:Core/Src/can.c **** 
 162              		.loc 1 72 5 view .LVU43
 163 0036 019A     		ldr	r2, [sp, #4]
 164              	.LBE2:
  72:Core/Src/can.c **** 
 165              		.loc 1 72 5 view .LVU44
  74:Core/Src/can.c ****     /**CAN1 GPIO Configuration
 166              		.loc 1 74 5 view .LVU45
 167              	.LBB3:
  74:Core/Src/can.c ****     /**CAN1 GPIO Configuration
 168              		.loc 1 74 5 view .LVU46
 169 0038 0291     		str	r1, [sp, #8]
  74:Core/Src/can.c ****     /**CAN1 GPIO Configuration
 170              		.loc 1 74 5 view .LVU47
 171 003a 1A6B     		ldr	r2, [r3, #48]
 172 003c 42F00102 		orr	r2, r2, #1
 173 0040 1A63     		str	r2, [r3, #48]
  74:Core/Src/can.c ****     /**CAN1 GPIO Configuration
 174              		.loc 1 74 5 view .LVU48
 175 0042 1B6B     		ldr	r3, [r3, #48]
 176 0044 03F00103 		and	r3, r3, #1
 177 0048 0293     		str	r3, [sp, #8]
  74:Core/Src/can.c ****     /**CAN1 GPIO Configuration
 178              		.loc 1 74 5 view .LVU49
 179 004a 029B     		ldr	r3, [sp, #8]
 180              	.LBE3:
  74:Core/Src/can.c ****     /**CAN1 GPIO Configuration
 181              		.loc 1 74 5 view .LVU50
  79:Core/Src/can.c ****     GPIO_InitStruct.Mode = GPIO_MODE_AF_PP;
 182              		.loc 1 79 5 view .LVU51
  79:Core/Src/can.c ****     GPIO_InitStruct.Mode = GPIO_MODE_AF_PP;
 183              		.loc 1 79 25 is_stmt 0 view .LVU52
ARM GAS  /tmp/ccItc0sC.s 			page 6


 184 004c 4FF4C053 		mov	r3, #6144
 185 0050 0393     		str	r3, [sp, #12]
  80:Core/Src/can.c ****     GPIO_InitStruct.Pull = GPIO_NOPULL;
 186              		.loc 1 80 5 is_stmt 1 view .LVU53
  80:Core/Src/can.c ****     GPIO_InitStruct.Pull = GPIO_NOPULL;
 187              		.loc 1 80 26 is_stmt 0 view .LVU54
 188 0052 0223     		movs	r3, #2
 189 0054 0493     		str	r3, [sp, #16]
  81:Core/Src/can.c ****     GPIO_InitStruct.Speed = GPIO_SPEED_FREQ_VERY_HIGH;
 190              		.loc 1 81 5 is_stmt 1 view .LVU55
  82:Core/Src/can.c ****     GPIO_InitStruct.Alternate = GPIO_AF9_CAN1;
 191              		.loc 1 82 5 view .LVU56
  82:Core/Src/can.c ****     GPIO_InitStruct.Alternate = GPIO_AF9_CAN1;
 192              		.loc 1 82 27 is_stmt 0 view .LVU57
 193 0056 0323     		movs	r3, #3
 194 0058 0693     		str	r3, [sp, #24]
  83:Core/Src/can.c ****     HAL_GPIO_Init(GPIOA, &GPIO_InitStruct);
 195              		.loc 1 83 5 is_stmt 1 view .LVU58
  83:Core/Src/can.c ****     HAL_GPIO_Init(GPIOA, &GPIO_InitStruct);
 196              		.loc 1 83 31 is_stmt 0 view .LVU59
 197 005a 0923     		movs	r3, #9
 198 005c 0793     		str	r3, [sp, #28]
  84:Core/Src/can.c **** 
 199              		.loc 1 84 5 is_stmt 1 view .LVU60
 200 005e 03A9     		add	r1, sp, #12
 201 0060 0248     		ldr	r0, .L11+4
 202              	.LVL5:
  84:Core/Src/can.c **** 
 203              		.loc 1 84 5 is_stmt 0 view .LVU61
 204 0062 FFF7FEFF 		bl	HAL_GPIO_Init
 205              	.LVL6:
 206              		.loc 1 90 1 view .LVU62
 207 0066 D7E7     		b	.L7
 208              	.L12:
 209              		.align	2
 210              	.L11:
 211 0068 00640040 		.word	1073767424
 212 006c 00000240 		.word	1073872896
 213              		.cfi_endproc
 214              	.LFE240:
 216              		.section	.text.HAL_CAN_MspDeInit,"ax",%progbits
 217              		.align	1
 218              		.global	HAL_CAN_MspDeInit
 219              		.syntax unified
 220              		.thumb
 221              		.thumb_func
 223              	HAL_CAN_MspDeInit:
 224              	.LVL7:
 225              	.LFB241:
  91:Core/Src/can.c **** 
  92:Core/Src/can.c **** void HAL_CAN_MspDeInit(CAN_HandleTypeDef* canHandle)
  93:Core/Src/can.c **** {
 226              		.loc 1 93 1 is_stmt 1 view -0
 227              		.cfi_startproc
 228              		@ args = 0, pretend = 0, frame = 0
 229              		@ frame_needed = 0, uses_anonymous_args = 0
 230              		.loc 1 93 1 is_stmt 0 view .LVU64
ARM GAS  /tmp/ccItc0sC.s 			page 7


 231 0000 08B5     		push	{r3, lr}
 232              		.cfi_def_cfa_offset 8
 233              		.cfi_offset 3, -8
 234              		.cfi_offset 14, -4
  94:Core/Src/can.c **** 
  95:Core/Src/can.c ****   if(canHandle->Instance==CAN1)
 235              		.loc 1 95 3 is_stmt 1 view .LVU65
 236              		.loc 1 95 15 is_stmt 0 view .LVU66
 237 0002 0268     		ldr	r2, [r0]
 238              		.loc 1 95 5 view .LVU67
 239 0004 074B     		ldr	r3, .L17
 240 0006 9A42     		cmp	r2, r3
 241 0008 00D0     		beq	.L16
 242              	.LVL8:
 243              	.L13:
  96:Core/Src/can.c ****   {
  97:Core/Src/can.c ****   /* USER CODE BEGIN CAN1_MspDeInit 0 */
  98:Core/Src/can.c **** 
  99:Core/Src/can.c ****   /* USER CODE END CAN1_MspDeInit 0 */
 100:Core/Src/can.c ****     /* Peripheral clock disable */
 101:Core/Src/can.c ****     __HAL_RCC_CAN1_CLK_DISABLE();
 102:Core/Src/can.c **** 
 103:Core/Src/can.c ****     /**CAN1 GPIO Configuration
 104:Core/Src/can.c ****     PA11     ------> CAN1_RX
 105:Core/Src/can.c ****     PA12     ------> CAN1_TX
 106:Core/Src/can.c ****     */
 107:Core/Src/can.c ****     HAL_GPIO_DeInit(GPIOA, GPIO_PIN_11|GPIO_PIN_12);
 108:Core/Src/can.c **** 
 109:Core/Src/can.c ****   /* USER CODE BEGIN CAN1_MspDeInit 1 */
 110:Core/Src/can.c **** 
 111:Core/Src/can.c ****   /* USER CODE END CAN1_MspDeInit 1 */
 112:Core/Src/can.c ****   }
 113:Core/Src/can.c **** }
 244              		.loc 1 113 1 view .LVU68
 245 000a 08BD     		pop	{r3, pc}
 246              	.LVL9:
 247              	.L16:
 101:Core/Src/can.c **** 
 248              		.loc 1 101 5 is_stmt 1 view .LVU69
 249 000c 064A     		ldr	r2, .L17+4
 250 000e 136C     		ldr	r3, [r2, #64]
 251 0010 23F00073 		bic	r3, r3, #33554432
 252 0014 1364     		str	r3, [r2, #64]
 107:Core/Src/can.c **** 
 253              		.loc 1 107 5 view .LVU70
 254 0016 4FF4C051 		mov	r1, #6144
 255 001a 0448     		ldr	r0, .L17+8
 256              	.LVL10:
 107:Core/Src/can.c **** 
 257              		.loc 1 107 5 is_stmt 0 view .LVU71
 258 001c FFF7FEFF 		bl	HAL_GPIO_DeInit
 259              	.LVL11:
 260              		.loc 1 113 1 view .LVU72
 261 0020 F3E7     		b	.L13
 262              	.L18:
 263 0022 00BF     		.align	2
 264              	.L17:
ARM GAS  /tmp/ccItc0sC.s 			page 8


 265 0024 00640040 		.word	1073767424
 266 0028 00380240 		.word	1073887232
 267 002c 00000240 		.word	1073872896
 268              		.cfi_endproc
 269              	.LFE241:
 271              		.global	hcan1
 272              		.section	.bss.hcan1,"aw",%nobits
 273              		.align	2
 276              	hcan1:
 277 0000 00000000 		.space	40
 277      00000000 
 277      00000000 
 277      00000000 
 277      00000000 
 278              		.text
 279              	.Letext0:
 280              		.file 2 "/usr/arm-none-eabi/include/machine/_default_types.h"
 281              		.file 3 "/usr/arm-none-eabi/include/sys/_stdint.h"
 282              		.file 4 "Drivers/CMSIS/Device/ST/STM32F4xx/Include/stm32f446xx.h"
 283              		.file 5 "Drivers/CMSIS/Device/ST/STM32F4xx/Include/stm32f4xx.h"
 284              		.file 6 "Drivers/STM32F4xx_HAL_Driver/Inc/stm32f4xx_hal_def.h"
 285              		.file 7 "Drivers/STM32F4xx_HAL_Driver/Inc/stm32f4xx_hal_gpio.h"
 286              		.file 8 "Drivers/STM32F4xx_HAL_Driver/Inc/stm32f4xx_hal_can.h"
 287              		.file 9 "Core/Inc/can.h"
 288              		.file 10 "Core/Inc/main.h"
ARM GAS  /tmp/ccItc0sC.s 			page 9


DEFINED SYMBOLS
                            *ABS*:00000000 can.c
     /tmp/ccItc0sC.s:21     .text.MX_CAN1_Init:00000000 $t
     /tmp/ccItc0sC.s:27     .text.MX_CAN1_Init:00000000 MX_CAN1_Init
     /tmp/ccItc0sC.s:97     .text.MX_CAN1_Init:00000038 $d
     /tmp/ccItc0sC.s:276    .bss.hcan1:00000000 hcan1
     /tmp/ccItc0sC.s:103    .text.HAL_CAN_MspInit:00000000 $t
     /tmp/ccItc0sC.s:109    .text.HAL_CAN_MspInit:00000000 HAL_CAN_MspInit
     /tmp/ccItc0sC.s:211    .text.HAL_CAN_MspInit:00000068 $d
     /tmp/ccItc0sC.s:217    .text.HAL_CAN_MspDeInit:00000000 $t
     /tmp/ccItc0sC.s:223    .text.HAL_CAN_MspDeInit:00000000 HAL_CAN_MspDeInit
     /tmp/ccItc0sC.s:265    .text.HAL_CAN_MspDeInit:00000024 $d
     /tmp/ccItc0sC.s:273    .bss.hcan1:00000000 $d

UNDEFINED SYMBOLS
HAL_CAN_Init
Error_Handler
HAL_GPIO_Init
HAL_GPIO_DeInit
