ARM GAS  /tmp/ccpW3zOx.s 			page 1


   1              		.cpu cortex-m4
   2              		.arch armv7e-m
   3              		.fpu fpv4-sp-d16
   4              		.eabi_attribute 27, 1
   5              		.eabi_attribute 28, 1
   6              		.eabi_attribute 20, 1
   7              		.eabi_attribute 21, 1
   8              		.eabi_attribute 23, 3
   9              		.eabi_attribute 24, 1
  10              		.eabi_attribute 25, 1
  11              		.eabi_attribute 26, 1
  12              		.eabi_attribute 30, 1
  13              		.eabi_attribute 34, 1
  14              		.eabi_attribute 18, 4
  15              		.file	"gpio.c"
  16              		.text
  17              	.Ltext0:
  18              		.cfi_sections	.debug_frame
  19              		.file 1 "Core/Src/gpio.c"
  20              		.section	.text.MX_GPIO_Init,"ax",%progbits
  21              		.align	1
  22              		.global	MX_GPIO_Init
  23              		.syntax unified
  24              		.thumb
  25              		.thumb_func
  27              	MX_GPIO_Init:
  28              	.LFB239:
   1:Core/Src/gpio.c **** /* USER CODE BEGIN Header */
   2:Core/Src/gpio.c **** /**
   3:Core/Src/gpio.c ****   ******************************************************************************
   4:Core/Src/gpio.c ****   * @file    gpio.c
   5:Core/Src/gpio.c ****   * @brief   This file provides code for the configuration
   6:Core/Src/gpio.c ****   *          of all used GPIO pins.
   7:Core/Src/gpio.c ****   ******************************************************************************
   8:Core/Src/gpio.c ****   * @attention
   9:Core/Src/gpio.c ****   *
  10:Core/Src/gpio.c ****   * Copyright (c) 2023 STMicroelectronics.
  11:Core/Src/gpio.c ****   * All rights reserved.
  12:Core/Src/gpio.c ****   *
  13:Core/Src/gpio.c ****   * This software is licensed under terms that can be found in the LICENSE file
  14:Core/Src/gpio.c ****   * in the root directory of this software component.
  15:Core/Src/gpio.c ****   * If no LICENSE file comes with this software, it is provided AS-IS.
  16:Core/Src/gpio.c ****   *
  17:Core/Src/gpio.c ****   ******************************************************************************
  18:Core/Src/gpio.c ****   */
  19:Core/Src/gpio.c **** /* USER CODE END Header */
  20:Core/Src/gpio.c **** 
  21:Core/Src/gpio.c **** /* Includes ------------------------------------------------------------------*/
  22:Core/Src/gpio.c **** #include "gpio.h"
  23:Core/Src/gpio.c **** 
  24:Core/Src/gpio.c **** /* USER CODE BEGIN 0 */
  25:Core/Src/gpio.c **** 
  26:Core/Src/gpio.c **** /* USER CODE END 0 */
  27:Core/Src/gpio.c **** 
  28:Core/Src/gpio.c **** /*----------------------------------------------------------------------------*/
  29:Core/Src/gpio.c **** /* Configure GPIO                                                             */
  30:Core/Src/gpio.c **** /*----------------------------------------------------------------------------*/
ARM GAS  /tmp/ccpW3zOx.s 			page 2


  31:Core/Src/gpio.c **** /* USER CODE BEGIN 1 */
  32:Core/Src/gpio.c **** 
  33:Core/Src/gpio.c **** /* USER CODE END 1 */
  34:Core/Src/gpio.c **** 
  35:Core/Src/gpio.c **** /** Configure pins as
  36:Core/Src/gpio.c ****         * Analog
  37:Core/Src/gpio.c ****         * Input
  38:Core/Src/gpio.c ****         * Output
  39:Core/Src/gpio.c ****         * EVENT_OUT
  40:Core/Src/gpio.c ****         * EXTI
  41:Core/Src/gpio.c **** */
  42:Core/Src/gpio.c **** void MX_GPIO_Init(void)
  43:Core/Src/gpio.c **** {
  29              		.loc 1 43 1 view -0
  30              		.cfi_startproc
  31              		@ args = 0, pretend = 0, frame = 40
  32              		@ frame_needed = 0, uses_anonymous_args = 0
  33 0000 70B5     		push	{r4, r5, r6, lr}
  34              		.cfi_def_cfa_offset 16
  35              		.cfi_offset 4, -16
  36              		.cfi_offset 5, -12
  37              		.cfi_offset 6, -8
  38              		.cfi_offset 14, -4
  39 0002 8AB0     		sub	sp, sp, #40
  40              		.cfi_def_cfa_offset 56
  44:Core/Src/gpio.c **** 
  45:Core/Src/gpio.c ****   GPIO_InitTypeDef GPIO_InitStruct = {0};
  41              		.loc 1 45 3 view .LVU1
  42              		.loc 1 45 20 is_stmt 0 view .LVU2
  43 0004 0024     		movs	r4, #0
  44 0006 0594     		str	r4, [sp, #20]
  45 0008 0694     		str	r4, [sp, #24]
  46 000a 0794     		str	r4, [sp, #28]
  47 000c 0894     		str	r4, [sp, #32]
  48 000e 0994     		str	r4, [sp, #36]
  46:Core/Src/gpio.c **** 
  47:Core/Src/gpio.c ****   /* GPIO Ports Clock Enable */
  48:Core/Src/gpio.c ****   __HAL_RCC_GPIOC_CLK_ENABLE();
  49              		.loc 1 48 3 is_stmt 1 view .LVU3
  50              	.LBB2:
  51              		.loc 1 48 3 view .LVU4
  52 0010 0194     		str	r4, [sp, #4]
  53              		.loc 1 48 3 view .LVU5
  54 0012 274B     		ldr	r3, .L3
  55 0014 1A6B     		ldr	r2, [r3, #48]
  56 0016 42F00402 		orr	r2, r2, #4
  57 001a 1A63     		str	r2, [r3, #48]
  58              		.loc 1 48 3 view .LVU6
  59 001c 1A6B     		ldr	r2, [r3, #48]
  60 001e 02F00402 		and	r2, r2, #4
  61 0022 0192     		str	r2, [sp, #4]
  62              		.loc 1 48 3 view .LVU7
  63 0024 019A     		ldr	r2, [sp, #4]
  64              	.LBE2:
  65              		.loc 1 48 3 view .LVU8
  49:Core/Src/gpio.c ****   __HAL_RCC_GPIOH_CLK_ENABLE();
  66              		.loc 1 49 3 view .LVU9
ARM GAS  /tmp/ccpW3zOx.s 			page 3


  67              	.LBB3:
  68              		.loc 1 49 3 view .LVU10
  69 0026 0294     		str	r4, [sp, #8]
  70              		.loc 1 49 3 view .LVU11
  71 0028 1A6B     		ldr	r2, [r3, #48]
  72 002a 42F08002 		orr	r2, r2, #128
  73 002e 1A63     		str	r2, [r3, #48]
  74              		.loc 1 49 3 view .LVU12
  75 0030 1A6B     		ldr	r2, [r3, #48]
  76 0032 02F08002 		and	r2, r2, #128
  77 0036 0292     		str	r2, [sp, #8]
  78              		.loc 1 49 3 view .LVU13
  79 0038 029A     		ldr	r2, [sp, #8]
  80              	.LBE3:
  81              		.loc 1 49 3 view .LVU14
  50:Core/Src/gpio.c ****   __HAL_RCC_GPIOA_CLK_ENABLE();
  82              		.loc 1 50 3 view .LVU15
  83              	.LBB4:
  84              		.loc 1 50 3 view .LVU16
  85 003a 0394     		str	r4, [sp, #12]
  86              		.loc 1 50 3 view .LVU17
  87 003c 1A6B     		ldr	r2, [r3, #48]
  88 003e 42F00102 		orr	r2, r2, #1
  89 0042 1A63     		str	r2, [r3, #48]
  90              		.loc 1 50 3 view .LVU18
  91 0044 1A6B     		ldr	r2, [r3, #48]
  92 0046 02F00102 		and	r2, r2, #1
  93 004a 0392     		str	r2, [sp, #12]
  94              		.loc 1 50 3 view .LVU19
  95 004c 039A     		ldr	r2, [sp, #12]
  96              	.LBE4:
  97              		.loc 1 50 3 view .LVU20
  51:Core/Src/gpio.c ****   __HAL_RCC_GPIOB_CLK_ENABLE();
  98              		.loc 1 51 3 view .LVU21
  99              	.LBB5:
 100              		.loc 1 51 3 view .LVU22
 101 004e 0494     		str	r4, [sp, #16]
 102              		.loc 1 51 3 view .LVU23
 103 0050 1A6B     		ldr	r2, [r3, #48]
 104 0052 42F00202 		orr	r2, r2, #2
 105 0056 1A63     		str	r2, [r3, #48]
 106              		.loc 1 51 3 view .LVU24
 107 0058 1B6B     		ldr	r3, [r3, #48]
 108 005a 03F00203 		and	r3, r3, #2
 109 005e 0493     		str	r3, [sp, #16]
 110              		.loc 1 51 3 view .LVU25
 111 0060 049B     		ldr	r3, [sp, #16]
 112              	.LBE5:
 113              		.loc 1 51 3 view .LVU26
  52:Core/Src/gpio.c **** 
  53:Core/Src/gpio.c ****   /*Configure GPIO pin Output Level */
  54:Core/Src/gpio.c ****   HAL_GPIO_WritePin(LD2_GPIO_Port, LD2_Pin, GPIO_PIN_RESET);
 114              		.loc 1 54 3 view .LVU27
 115 0062 144D     		ldr	r5, .L3+4
 116 0064 2246     		mov	r2, r4
 117 0066 2021     		movs	r1, #32
 118 0068 2846     		mov	r0, r5
ARM GAS  /tmp/ccpW3zOx.s 			page 4


 119 006a FFF7FEFF 		bl	HAL_GPIO_WritePin
 120              	.LVL0:
  55:Core/Src/gpio.c **** 
  56:Core/Src/gpio.c ****   /*Configure GPIO pin : PtPin */
  57:Core/Src/gpio.c ****   GPIO_InitStruct.Pin = B1_Pin;
 121              		.loc 1 57 3 view .LVU28
 122              		.loc 1 57 23 is_stmt 0 view .LVU29
 123 006e 4FF40053 		mov	r3, #8192
 124 0072 0593     		str	r3, [sp, #20]
  58:Core/Src/gpio.c ****   GPIO_InitStruct.Mode = GPIO_MODE_IT_FALLING;
 125              		.loc 1 58 3 is_stmt 1 view .LVU30
 126              		.loc 1 58 24 is_stmt 0 view .LVU31
 127 0074 4FF40413 		mov	r3, #2162688
 128 0078 0693     		str	r3, [sp, #24]
  59:Core/Src/gpio.c ****   GPIO_InitStruct.Pull = GPIO_NOPULL;
 129              		.loc 1 59 3 is_stmt 1 view .LVU32
 130              		.loc 1 59 24 is_stmt 0 view .LVU33
 131 007a 0794     		str	r4, [sp, #28]
  60:Core/Src/gpio.c ****   HAL_GPIO_Init(B1_GPIO_Port, &GPIO_InitStruct);
 132              		.loc 1 60 3 is_stmt 1 view .LVU34
 133 007c 0E4E     		ldr	r6, .L3+8
 134 007e 05A9     		add	r1, sp, #20
 135 0080 3046     		mov	r0, r6
 136 0082 FFF7FEFF 		bl	HAL_GPIO_Init
 137              	.LVL1:
  61:Core/Src/gpio.c **** 
  62:Core/Src/gpio.c ****   /*Configure GPIO pin : PtPin */
  63:Core/Src/gpio.c ****   GPIO_InitStruct.Pin = CAN_ID_Selector_Pin;
 138              		.loc 1 63 3 view .LVU35
 139              		.loc 1 63 23 is_stmt 0 view .LVU36
 140 0086 0223     		movs	r3, #2
 141 0088 0593     		str	r3, [sp, #20]
  64:Core/Src/gpio.c ****   GPIO_InitStruct.Mode = GPIO_MODE_INPUT;
 142              		.loc 1 64 3 is_stmt 1 view .LVU37
 143              		.loc 1 64 24 is_stmt 0 view .LVU38
 144 008a 0694     		str	r4, [sp, #24]
  65:Core/Src/gpio.c ****   GPIO_InitStruct.Pull = GPIO_NOPULL;
 145              		.loc 1 65 3 is_stmt 1 view .LVU39
 146              		.loc 1 65 24 is_stmt 0 view .LVU40
 147 008c 0794     		str	r4, [sp, #28]
  66:Core/Src/gpio.c ****   HAL_GPIO_Init(CAN_ID_Selector_GPIO_Port, &GPIO_InitStruct);
 148              		.loc 1 66 3 is_stmt 1 view .LVU41
 149 008e 05A9     		add	r1, sp, #20
 150 0090 3046     		mov	r0, r6
 151 0092 FFF7FEFF 		bl	HAL_GPIO_Init
 152              	.LVL2:
  67:Core/Src/gpio.c **** 
  68:Core/Src/gpio.c ****   /*Configure GPIO pin : PtPin */
  69:Core/Src/gpio.c ****   GPIO_InitStruct.Pin = LD2_Pin;
 153              		.loc 1 69 3 view .LVU42
 154              		.loc 1 69 23 is_stmt 0 view .LVU43
 155 0096 2023     		movs	r3, #32
 156 0098 0593     		str	r3, [sp, #20]
  70:Core/Src/gpio.c ****   GPIO_InitStruct.Mode = GPIO_MODE_OUTPUT_PP;
 157              		.loc 1 70 3 is_stmt 1 view .LVU44
 158              		.loc 1 70 24 is_stmt 0 view .LVU45
 159 009a 0123     		movs	r3, #1
ARM GAS  /tmp/ccpW3zOx.s 			page 5


 160 009c 0693     		str	r3, [sp, #24]
  71:Core/Src/gpio.c ****   GPIO_InitStruct.Pull = GPIO_NOPULL;
 161              		.loc 1 71 3 is_stmt 1 view .LVU46
 162              		.loc 1 71 24 is_stmt 0 view .LVU47
 163 009e 0794     		str	r4, [sp, #28]
  72:Core/Src/gpio.c ****   GPIO_InitStruct.Speed = GPIO_SPEED_FREQ_LOW;
 164              		.loc 1 72 3 is_stmt 1 view .LVU48
 165              		.loc 1 72 25 is_stmt 0 view .LVU49
 166 00a0 0894     		str	r4, [sp, #32]
  73:Core/Src/gpio.c ****   HAL_GPIO_Init(LD2_GPIO_Port, &GPIO_InitStruct);
 167              		.loc 1 73 3 is_stmt 1 view .LVU50
 168 00a2 05A9     		add	r1, sp, #20
 169 00a4 2846     		mov	r0, r5
 170 00a6 FFF7FEFF 		bl	HAL_GPIO_Init
 171              	.LVL3:
  74:Core/Src/gpio.c **** 
  75:Core/Src/gpio.c **** }
 172              		.loc 1 75 1 is_stmt 0 view .LVU51
 173 00aa 0AB0     		add	sp, sp, #40
 174              		.cfi_def_cfa_offset 16
 175              		@ sp needed
 176 00ac 70BD     		pop	{r4, r5, r6, pc}
 177              	.L4:
 178 00ae 00BF     		.align	2
 179              	.L3:
 180 00b0 00380240 		.word	1073887232
 181 00b4 00000240 		.word	1073872896
 182 00b8 00080240 		.word	1073874944
 183              		.cfi_endproc
 184              	.LFE239:
 186              		.text
 187              	.Letext0:
 188              		.file 2 "/usr/arm-none-eabi/include/machine/_default_types.h"
 189              		.file 3 "/usr/arm-none-eabi/include/sys/_stdint.h"
 190              		.file 4 "Drivers/CMSIS/Device/ST/STM32F4xx/Include/stm32f446xx.h"
 191              		.file 5 "Drivers/STM32F4xx_HAL_Driver/Inc/stm32f4xx_hal_gpio.h"
ARM GAS  /tmp/ccpW3zOx.s 			page 6


DEFINED SYMBOLS
                            *ABS*:00000000 gpio.c
     /tmp/ccpW3zOx.s:21     .text.MX_GPIO_Init:00000000 $t
     /tmp/ccpW3zOx.s:27     .text.MX_GPIO_Init:00000000 MX_GPIO_Init
     /tmp/ccpW3zOx.s:180    .text.MX_GPIO_Init:000000b0 $d

UNDEFINED SYMBOLS
HAL_GPIO_WritePin
HAL_GPIO_Init
