ARM GAS  /tmp/ccJeqhLt.s 			page 1


   1              		.cpu cortex-m4
   2              		.arch armv7e-m
   3              		.fpu fpv4-sp-d16
   4              		.eabi_attribute 27, 1
   5              		.eabi_attribute 28, 1
   6              		.eabi_attribute 20, 1
   7              		.eabi_attribute 21, 1
   8              		.eabi_attribute 23, 3
   9              		.eabi_attribute 24, 1
  10              		.eabi_attribute 25, 1
  11              		.eabi_attribute 26, 1
  12              		.eabi_attribute 30, 1
  13              		.eabi_attribute 34, 1
  14              		.eabi_attribute 18, 4
  15              		.file	"tim.c"
  16              		.text
  17              	.Ltext0:
  18              		.cfi_sections	.debug_frame
  19              		.file 1 "Core/Src/tim.c"
  20              		.section	.text.MX_TIM2_Init,"ax",%progbits
  21              		.align	1
  22              		.global	MX_TIM2_Init
  23              		.syntax unified
  24              		.thumb
  25              		.thumb_func
  27              	MX_TIM2_Init:
  28              	.LFB239:
   1:Core/Src/tim.c **** /* USER CODE BEGIN Header */
   2:Core/Src/tim.c **** /**
   3:Core/Src/tim.c ****   ******************************************************************************
   4:Core/Src/tim.c ****   * @file    tim.c
   5:Core/Src/tim.c ****   * @brief   This file provides code for the configuration
   6:Core/Src/tim.c ****   *          of the TIM instances.
   7:Core/Src/tim.c ****   ******************************************************************************
   8:Core/Src/tim.c ****   * @attention
   9:Core/Src/tim.c ****   *
  10:Core/Src/tim.c ****   * Copyright (c) 2023 STMicroelectronics.
  11:Core/Src/tim.c ****   * All rights reserved.
  12:Core/Src/tim.c ****   *
  13:Core/Src/tim.c ****   * This software is licensed under terms that can be found in the LICENSE file
  14:Core/Src/tim.c ****   * in the root directory of this software component.
  15:Core/Src/tim.c ****   * If no LICENSE file comes with this software, it is provided AS-IS.
  16:Core/Src/tim.c ****   *
  17:Core/Src/tim.c ****   ******************************************************************************
  18:Core/Src/tim.c ****   */
  19:Core/Src/tim.c **** /* USER CODE END Header */
  20:Core/Src/tim.c **** /* Includes ------------------------------------------------------------------*/
  21:Core/Src/tim.c **** #include "tim.h"
  22:Core/Src/tim.c **** 
  23:Core/Src/tim.c **** /* USER CODE BEGIN 0 */
  24:Core/Src/tim.c **** 
  25:Core/Src/tim.c **** /* USER CODE END 0 */
  26:Core/Src/tim.c **** 
  27:Core/Src/tim.c **** TIM_HandleTypeDef htim2;
  28:Core/Src/tim.c **** 
  29:Core/Src/tim.c **** /* TIM2 init function */
  30:Core/Src/tim.c **** void MX_TIM2_Init(void)
ARM GAS  /tmp/ccJeqhLt.s 			page 2


  31:Core/Src/tim.c **** {
  29              		.loc 1 31 1 view -0
  30              		.cfi_startproc
  31              		@ args = 0, pretend = 0, frame = 24
  32              		@ frame_needed = 0, uses_anonymous_args = 0
  33 0000 00B5     		push	{lr}
  34              		.cfi_def_cfa_offset 4
  35              		.cfi_offset 14, -4
  36 0002 87B0     		sub	sp, sp, #28
  37              		.cfi_def_cfa_offset 32
  32:Core/Src/tim.c **** 
  33:Core/Src/tim.c ****   /* USER CODE BEGIN TIM2_Init 0 */
  34:Core/Src/tim.c **** 
  35:Core/Src/tim.c ****   /* USER CODE END TIM2_Init 0 */
  36:Core/Src/tim.c **** 
  37:Core/Src/tim.c ****   TIM_ClockConfigTypeDef sClockSourceConfig = {0};
  38              		.loc 1 37 3 view .LVU1
  39              		.loc 1 37 26 is_stmt 0 view .LVU2
  40 0004 0023     		movs	r3, #0
  41 0006 0293     		str	r3, [sp, #8]
  42 0008 0393     		str	r3, [sp, #12]
  43 000a 0493     		str	r3, [sp, #16]
  44 000c 0593     		str	r3, [sp, #20]
  38:Core/Src/tim.c ****   TIM_MasterConfigTypeDef sMasterConfig = {0};
  45              		.loc 1 38 3 is_stmt 1 view .LVU3
  46              		.loc 1 38 27 is_stmt 0 view .LVU4
  47 000e 0093     		str	r3, [sp]
  48 0010 0193     		str	r3, [sp, #4]
  39:Core/Src/tim.c **** 
  40:Core/Src/tim.c ****   /* USER CODE BEGIN TIM2_Init 1 */
  41:Core/Src/tim.c **** 
  42:Core/Src/tim.c ****   /* USER CODE END TIM2_Init 1 */
  43:Core/Src/tim.c ****   htim2.Instance = TIM2;
  49              		.loc 1 43 3 is_stmt 1 view .LVU5
  50              		.loc 1 43 18 is_stmt 0 view .LVU6
  51 0012 1648     		ldr	r0, .L9
  52 0014 4FF08042 		mov	r2, #1073741824
  53 0018 0260     		str	r2, [r0]
  44:Core/Src/tim.c ****   htim2.Init.Prescaler = 8999;
  54              		.loc 1 44 3 is_stmt 1 view .LVU7
  55              		.loc 1 44 24 is_stmt 0 view .LVU8
  56 001a 42F22732 		movw	r2, #8999
  57 001e 4260     		str	r2, [r0, #4]
  45:Core/Src/tim.c ****   htim2.Init.CounterMode = TIM_COUNTERMODE_UP;
  58              		.loc 1 45 3 is_stmt 1 view .LVU9
  59              		.loc 1 45 26 is_stmt 0 view .LVU10
  60 0020 8360     		str	r3, [r0, #8]
  46:Core/Src/tim.c ****   htim2.Init.Period = 9999;
  61              		.loc 1 46 3 is_stmt 1 view .LVU11
  62              		.loc 1 46 21 is_stmt 0 view .LVU12
  63 0022 42F20F72 		movw	r2, #9999
  64 0026 C260     		str	r2, [r0, #12]
  47:Core/Src/tim.c ****   htim2.Init.ClockDivision = TIM_CLOCKDIVISION_DIV1;
  65              		.loc 1 47 3 is_stmt 1 view .LVU13
  66              		.loc 1 47 28 is_stmt 0 view .LVU14
  67 0028 0361     		str	r3, [r0, #16]
  48:Core/Src/tim.c ****   htim2.Init.AutoReloadPreload = TIM_AUTORELOAD_PRELOAD_DISABLE;
ARM GAS  /tmp/ccJeqhLt.s 			page 3


  68              		.loc 1 48 3 is_stmt 1 view .LVU15
  69              		.loc 1 48 32 is_stmt 0 view .LVU16
  70 002a 8361     		str	r3, [r0, #24]
  49:Core/Src/tim.c ****   if (HAL_TIM_Base_Init(&htim2) != HAL_OK)
  71              		.loc 1 49 3 is_stmt 1 view .LVU17
  72              		.loc 1 49 7 is_stmt 0 view .LVU18
  73 002c FFF7FEFF 		bl	HAL_TIM_Base_Init
  74              	.LVL0:
  75              		.loc 1 49 6 discriminator 1 view .LVU19
  76 0030 98B9     		cbnz	r0, .L6
  77              	.L2:
  50:Core/Src/tim.c ****   {
  51:Core/Src/tim.c ****     Error_Handler();
  52:Core/Src/tim.c ****   }
  53:Core/Src/tim.c ****   sClockSourceConfig.ClockSource = TIM_CLOCKSOURCE_INTERNAL;
  78              		.loc 1 53 3 is_stmt 1 view .LVU20
  79              		.loc 1 53 34 is_stmt 0 view .LVU21
  80 0032 4FF48053 		mov	r3, #4096
  81 0036 0293     		str	r3, [sp, #8]
  54:Core/Src/tim.c ****   if (HAL_TIM_ConfigClockSource(&htim2, &sClockSourceConfig) != HAL_OK)
  82              		.loc 1 54 3 is_stmt 1 view .LVU22
  83              		.loc 1 54 7 is_stmt 0 view .LVU23
  84 0038 02A9     		add	r1, sp, #8
  85 003a 0C48     		ldr	r0, .L9
  86 003c FFF7FEFF 		bl	HAL_TIM_ConfigClockSource
  87              	.LVL1:
  88              		.loc 1 54 6 discriminator 1 view .LVU24
  89 0040 70B9     		cbnz	r0, .L7
  90              	.L3:
  55:Core/Src/tim.c ****   {
  56:Core/Src/tim.c ****     Error_Handler();
  57:Core/Src/tim.c ****   }
  58:Core/Src/tim.c ****   sMasterConfig.MasterOutputTrigger = TIM_TRGO_UPDATE;
  91              		.loc 1 58 3 is_stmt 1 view .LVU25
  92              		.loc 1 58 37 is_stmt 0 view .LVU26
  93 0042 2023     		movs	r3, #32
  94 0044 0093     		str	r3, [sp]
  59:Core/Src/tim.c ****   sMasterConfig.MasterSlaveMode = TIM_MASTERSLAVEMODE_DISABLE;
  95              		.loc 1 59 3 is_stmt 1 view .LVU27
  96              		.loc 1 59 33 is_stmt 0 view .LVU28
  97 0046 0023     		movs	r3, #0
  98 0048 0193     		str	r3, [sp, #4]
  60:Core/Src/tim.c ****   if (HAL_TIMEx_MasterConfigSynchronization(&htim2, &sMasterConfig) != HAL_OK)
  99              		.loc 1 60 3 is_stmt 1 view .LVU29
 100              		.loc 1 60 7 is_stmt 0 view .LVU30
 101 004a 6946     		mov	r1, sp
 102 004c 0748     		ldr	r0, .L9
 103 004e FFF7FEFF 		bl	HAL_TIMEx_MasterConfigSynchronization
 104              	.LVL2:
 105              		.loc 1 60 6 discriminator 1 view .LVU31
 106 0052 40B9     		cbnz	r0, .L8
 107              	.L1:
  61:Core/Src/tim.c ****   {
  62:Core/Src/tim.c ****     Error_Handler();
  63:Core/Src/tim.c ****   }
  64:Core/Src/tim.c ****   /* USER CODE BEGIN TIM2_Init 2 */
  65:Core/Src/tim.c **** 
ARM GAS  /tmp/ccJeqhLt.s 			page 4


  66:Core/Src/tim.c ****   /* USER CODE END TIM2_Init 2 */
  67:Core/Src/tim.c **** 
  68:Core/Src/tim.c **** }
 108              		.loc 1 68 1 view .LVU32
 109 0054 07B0     		add	sp, sp, #28
 110              		.cfi_remember_state
 111              		.cfi_def_cfa_offset 4
 112              		@ sp needed
 113 0056 5DF804FB 		ldr	pc, [sp], #4
 114              	.L6:
 115              		.cfi_restore_state
  51:Core/Src/tim.c ****   }
 116              		.loc 1 51 5 is_stmt 1 view .LVU33
 117 005a FFF7FEFF 		bl	Error_Handler
 118              	.LVL3:
 119 005e E8E7     		b	.L2
 120              	.L7:
  56:Core/Src/tim.c ****   }
 121              		.loc 1 56 5 view .LVU34
 122 0060 FFF7FEFF 		bl	Error_Handler
 123              	.LVL4:
 124 0064 EDE7     		b	.L3
 125              	.L8:
  62:Core/Src/tim.c ****   }
 126              		.loc 1 62 5 view .LVU35
 127 0066 FFF7FEFF 		bl	Error_Handler
 128              	.LVL5:
 129              		.loc 1 68 1 is_stmt 0 view .LVU36
 130 006a F3E7     		b	.L1
 131              	.L10:
 132              		.align	2
 133              	.L9:
 134 006c 00000000 		.word	htim2
 135              		.cfi_endproc
 136              	.LFE239:
 138              		.section	.text.HAL_TIM_Base_MspInit,"ax",%progbits
 139              		.align	1
 140              		.global	HAL_TIM_Base_MspInit
 141              		.syntax unified
 142              		.thumb
 143              		.thumb_func
 145              	HAL_TIM_Base_MspInit:
 146              	.LVL6:
 147              	.LFB240:
  69:Core/Src/tim.c **** 
  70:Core/Src/tim.c **** void HAL_TIM_Base_MspInit(TIM_HandleTypeDef* tim_baseHandle)
  71:Core/Src/tim.c **** {
 148              		.loc 1 71 1 is_stmt 1 view -0
 149              		.cfi_startproc
 150              		@ args = 0, pretend = 0, frame = 8
 151              		@ frame_needed = 0, uses_anonymous_args = 0
 152              		@ link register save eliminated.
  72:Core/Src/tim.c **** 
  73:Core/Src/tim.c ****   if(tim_baseHandle->Instance==TIM2)
 153              		.loc 1 73 3 view .LVU38
 154              		.loc 1 73 20 is_stmt 0 view .LVU39
 155 0000 0368     		ldr	r3, [r0]
ARM GAS  /tmp/ccJeqhLt.s 			page 5


 156              		.loc 1 73 5 view .LVU40
 157 0002 B3F1804F 		cmp	r3, #1073741824
 158 0006 00D0     		beq	.L17
 159 0008 7047     		bx	lr
 160              	.L17:
  71:Core/Src/tim.c **** 
 161              		.loc 1 71 1 view .LVU41
 162 000a 82B0     		sub	sp, sp, #8
 163              		.cfi_def_cfa_offset 8
  74:Core/Src/tim.c ****   {
  75:Core/Src/tim.c ****   /* USER CODE BEGIN TIM2_MspInit 0 */
  76:Core/Src/tim.c **** 
  77:Core/Src/tim.c ****   /* USER CODE END TIM2_MspInit 0 */
  78:Core/Src/tim.c ****     /* TIM2 clock enable */
  79:Core/Src/tim.c ****     __HAL_RCC_TIM2_CLK_ENABLE();
 164              		.loc 1 79 5 is_stmt 1 view .LVU42
 165              	.LBB2:
 166              		.loc 1 79 5 view .LVU43
 167 000c 0023     		movs	r3, #0
 168 000e 0193     		str	r3, [sp, #4]
 169              		.loc 1 79 5 view .LVU44
 170 0010 054B     		ldr	r3, .L18
 171 0012 1A6C     		ldr	r2, [r3, #64]
 172 0014 42F00102 		orr	r2, r2, #1
 173 0018 1A64     		str	r2, [r3, #64]
 174              		.loc 1 79 5 view .LVU45
 175 001a 1B6C     		ldr	r3, [r3, #64]
 176 001c 03F00103 		and	r3, r3, #1
 177 0020 0193     		str	r3, [sp, #4]
 178              		.loc 1 79 5 view .LVU46
 179 0022 019B     		ldr	r3, [sp, #4]
 180              	.LBE2:
 181              		.loc 1 79 5 discriminator 1 view .LVU47
  80:Core/Src/tim.c ****   /* USER CODE BEGIN TIM2_MspInit 1 */
  81:Core/Src/tim.c **** 
  82:Core/Src/tim.c ****   /* USER CODE END TIM2_MspInit 1 */
  83:Core/Src/tim.c ****   }
  84:Core/Src/tim.c **** }
 182              		.loc 1 84 1 is_stmt 0 view .LVU48
 183 0024 02B0     		add	sp, sp, #8
 184              		.cfi_def_cfa_offset 0
 185              		@ sp needed
 186 0026 7047     		bx	lr
 187              	.L19:
 188              		.align	2
 189              	.L18:
 190 0028 00380240 		.word	1073887232
 191              		.cfi_endproc
 192              	.LFE240:
 194              		.section	.text.HAL_TIM_Base_MspDeInit,"ax",%progbits
 195              		.align	1
 196              		.global	HAL_TIM_Base_MspDeInit
 197              		.syntax unified
 198              		.thumb
 199              		.thumb_func
 201              	HAL_TIM_Base_MspDeInit:
 202              	.LVL7:
ARM GAS  /tmp/ccJeqhLt.s 			page 6


 203              	.LFB241:
  85:Core/Src/tim.c **** 
  86:Core/Src/tim.c **** void HAL_TIM_Base_MspDeInit(TIM_HandleTypeDef* tim_baseHandle)
  87:Core/Src/tim.c **** {
 204              		.loc 1 87 1 is_stmt 1 view -0
 205              		.cfi_startproc
 206              		@ args = 0, pretend = 0, frame = 0
 207              		@ frame_needed = 0, uses_anonymous_args = 0
 208              		@ link register save eliminated.
  88:Core/Src/tim.c **** 
  89:Core/Src/tim.c ****   if(tim_baseHandle->Instance==TIM2)
 209              		.loc 1 89 3 view .LVU50
 210              		.loc 1 89 20 is_stmt 0 view .LVU51
 211 0000 0368     		ldr	r3, [r0]
 212              		.loc 1 89 5 view .LVU52
 213 0002 B3F1804F 		cmp	r3, #1073741824
 214 0006 00D0     		beq	.L22
 215              	.L20:
  90:Core/Src/tim.c ****   {
  91:Core/Src/tim.c ****   /* USER CODE BEGIN TIM2_MspDeInit 0 */
  92:Core/Src/tim.c **** 
  93:Core/Src/tim.c ****   /* USER CODE END TIM2_MspDeInit 0 */
  94:Core/Src/tim.c ****     /* Peripheral clock disable */
  95:Core/Src/tim.c ****     __HAL_RCC_TIM2_CLK_DISABLE();
  96:Core/Src/tim.c ****   /* USER CODE BEGIN TIM2_MspDeInit 1 */
  97:Core/Src/tim.c **** 
  98:Core/Src/tim.c ****   /* USER CODE END TIM2_MspDeInit 1 */
  99:Core/Src/tim.c ****   }
 100:Core/Src/tim.c **** }
 216              		.loc 1 100 1 view .LVU53
 217 0008 7047     		bx	lr
 218              	.L22:
  95:Core/Src/tim.c ****   /* USER CODE BEGIN TIM2_MspDeInit 1 */
 219              		.loc 1 95 5 is_stmt 1 view .LVU54
 220 000a 034A     		ldr	r2, .L23
 221 000c 136C     		ldr	r3, [r2, #64]
 222 000e 23F00103 		bic	r3, r3, #1
 223 0012 1364     		str	r3, [r2, #64]
 224              		.loc 1 100 1 is_stmt 0 view .LVU55
 225 0014 F8E7     		b	.L20
 226              	.L24:
 227 0016 00BF     		.align	2
 228              	.L23:
 229 0018 00380240 		.word	1073887232
 230              		.cfi_endproc
 231              	.LFE241:
 233              		.global	htim2
 234              		.section	.bss.htim2,"aw",%nobits
 235              		.align	2
 238              	htim2:
 239 0000 00000000 		.space	72
 239      00000000 
 239      00000000 
 239      00000000 
 239      00000000 
 240              		.text
 241              	.Letext0:
ARM GAS  /tmp/ccJeqhLt.s 			page 7


 242              		.file 2 "/usr/arm-none-eabi/include/machine/_default_types.h"
 243              		.file 3 "/usr/arm-none-eabi/include/sys/_stdint.h"
 244              		.file 4 "Drivers/CMSIS/Device/ST/STM32F4xx/Include/stm32f446xx.h"
 245              		.file 5 "Drivers/STM32F4xx_HAL_Driver/Inc/stm32f4xx_hal_def.h"
 246              		.file 6 "Drivers/STM32F4xx_HAL_Driver/Inc/stm32f4xx_hal_dma.h"
 247              		.file 7 "Drivers/STM32F4xx_HAL_Driver/Inc/stm32f4xx_hal_tim.h"
 248              		.file 8 "Drivers/STM32F4xx_HAL_Driver/Inc/stm32f4xx_hal_tim_ex.h"
 249              		.file 9 "Core/Inc/tim.h"
 250              		.file 10 "Core/Inc/main.h"
ARM GAS  /tmp/ccJeqhLt.s 			page 8


DEFINED SYMBOLS
                            *ABS*:00000000 tim.c
     /tmp/ccJeqhLt.s:21     .text.MX_TIM2_Init:00000000 $t
     /tmp/ccJeqhLt.s:27     .text.MX_TIM2_Init:00000000 MX_TIM2_Init
     /tmp/ccJeqhLt.s:134    .text.MX_TIM2_Init:0000006c $d
     /tmp/ccJeqhLt.s:238    .bss.htim2:00000000 htim2
     /tmp/ccJeqhLt.s:139    .text.HAL_TIM_Base_MspInit:00000000 $t
     /tmp/ccJeqhLt.s:145    .text.HAL_TIM_Base_MspInit:00000000 HAL_TIM_Base_MspInit
     /tmp/ccJeqhLt.s:190    .text.HAL_TIM_Base_MspInit:00000028 $d
     /tmp/ccJeqhLt.s:195    .text.HAL_TIM_Base_MspDeInit:00000000 $t
     /tmp/ccJeqhLt.s:201    .text.HAL_TIM_Base_MspDeInit:00000000 HAL_TIM_Base_MspDeInit
     /tmp/ccJeqhLt.s:229    .text.HAL_TIM_Base_MspDeInit:00000018 $d
     /tmp/ccJeqhLt.s:235    .bss.htim2:00000000 $d

UNDEFINED SYMBOLS
HAL_TIM_Base_Init
HAL_TIM_ConfigClockSource
HAL_TIMEx_MasterConfigSynchronization
Error_Handler
